<?xml version="1.0" encoding="UTF-8"?>
<testsuite xmlns:xsi="http://www.w3.org/2001/XMLSchema-instance" xsi:noNamespaceSchemaLocation="https://maven.apache.org/surefire/maven-surefire-plugin/xsd/surefire-test-report-3.0.xsd" version="3.0" name="runners.TestRunner" time="162.253" tests="3" errors="0" skipped="0" failures="1">
  <properties>
[...]
</properties>
  <testcase name="runScenario[&quot;Valid login with correct email and password&quot;, &quot;Login functionality&quot;](1)" classname="runners.TestRunner" time="139.671">
    <failure message="Login was not successful: Expected condition failed: waiting for url to contain &quot;home&quot;. Current url: &quot;https://34.93.208.162/webapp/login/saml2/sso/betauptimessoqa&quot; (tried for 30 second(s) with 500 milliseconds interval)&#10;Build info: version: &apos;4.20.0&apos;, revision: &apos;866c76ca80&apos;&#10;System info: os.name: &apos;Windows 11&apos;, os.arch: &apos;amd64&apos;, os.version: &apos;10.0&apos;, java.version: &apos;22.0.2&apos;&#10;Driver info: org.openqa.selenium.chrome.ChromeDriver&#10;Capabilities {acceptInsecureCerts: false, browserName: chrome, browserVersion: 139.0.7258.155, chrome: {chromedriverVersion: 139.0.7258.154 (9e0d6b2b47f..., userDataDir: C:\Users\257225\AppData\Loc...}, fedcm:accounts: true, goog:chromeOptions: {debuggerAddress: localhost:58460}, networkConnectionEnabled: false, pageLoadStrategy: normal, platformName: windows, proxy: Proxy(), se:cdp: ws://localhost:58460/devtoo..., se:cdpVersion: 139.0.7258.155, setWindowRect: true, strictFileInteractability: false, timeouts: {implicit: 0, pageLoad: 300000, script: 30000}, unhandledPromptBehavior: dismiss and notify, webauthn:extension:credBlob: true, webauthn:extension:largeBlob: true, webauthn:extension:minPinLength: true, webauthn:extension:prf: true, webauthn:virtualAuthenticators: true}&#10;Session ID: 5474815c0089b714dfe0be7a067dcac6" type="java.lang.AssertionError"><![CDATA[java.lang.AssertionError: 
Login was not successful: Expected condition failed: waiting for url to contain "home". Current url: "https://34.93.208.162/webapp/login/saml2/sso/betauptimessoqa" (tried for 30 second(s) with 500 milliseconds interval)
Build info: version: '4.20.0', revision: '866c76ca80'
System info: os.name: 'Windows 11', os.arch: 'amd64', os.version: '10.0', java.version: '22.0.2'
Driver info: org.openqa.selenium.chrome.ChromeDriver
Capabilities {acceptInsecureCerts: false, browserName: chrome, browserVersion: 139.0.7258.155, chrome: {chromedriverVersion: 139.0.7258.154 (9e0d6b2b47f..., userDataDir: C:\Users\257225\AppData\Loc...}, fedcm:accounts: true, goog:chromeOptions: {debuggerAddress: localhost:58460}, networkConnectionEnabled: false, pageLoadStrategy: normal, platformName: windows, proxy: Proxy(), se:cdp: ws://localhost:58460/devtoo..., se:cdpVersion: 139.0.7258.155, setWindowRect: true, strictFileInteractability: false, timeouts: {implicit: 0, pageLoad: 300000, script: 30000}, unhandledPromptBehavior: dismiss and notify, webauthn:extension:credBlob: true, webauthn:extension:largeBlob: true, webauthn:extension:minPinLength: true, webauthn:extension:prf: true, webauthn:virtualAuthenticators: true}
Session ID: 5474815c0089b714dfe0be7a067dcac6
	at stepdefinitions.LoginSteps.i_should_be_logged_in_successfully(LoginSteps.java:54)
	at ✽.I should be logged in successfully(file:///C:/Users/257225/IdeaProjects/Selenium-cucumber-TestNG_runner/LoginPageDemo/src/test/resources/features/login.feature:7)
]]></failure>
    <system-out><![CDATA[
Scenario: Valid login with correct email and password            # src/test/resources/features/login.feature:3
  Given I am on the login page                                   # stepdefinitions.LoginSteps.i_am_on_the_login_page()
  When I enter "uptimeuser@vecvnet.com" and "VolvoEicher@080825" # stepdefinitions.LoginSteps.i_enter_credentials(java.lang.String,java.lang.String)
  And I click Sign in                                            # stepdefinitions.LoginSteps.i_click_sign_in()
Successfully clicked: Generic Continue button using selector: //input[@value='Continue' and not(ancestor::*[contains(text(), 'Do you trust')])]
Found 'Stay signed in?' dialog
Successfully clicked: Stay signed in Yes button using selector: //input[@value='Yes']
Login verification failed: Expected condition failed: waiting for url to contain "home". Current url: "https://34.93.208.162/webapp/login/saml2/sso/betauptimessoqa" (tried for 30 second(s) with 500 milliseconds interval)
Build info: version: '4.20.0', revision: '866c76ca80'
System info: os.name: 'Windows 11', os.arch: 'amd64', os.version: '10.0', java.version: '22.0.2'
Driver info: org.openqa.selenium.chrome.ChromeDriver
Capabilities {acceptInsecureCerts: false, browserName: chrome, browserVersion: 139.0.7258.155, chrome: {chromedriverVersion: 139.0.7258.154 (9e0d6b2b47f..., userDataDir: C:\Users\257225\AppData\Loc...}, fedcm:accounts: true, goog:chromeOptions: {debuggerAddress: localhost:58460}, networkConnectionEnabled: false, pageLoadStrategy: normal, platformName: windows, proxy: Proxy(), se:cdp: ws://localhost:58460/devtoo..., se:cdpVersion: 139.0.7258.155, setWindowRect: true, strictFileInteractability: false, timeouts: {implicit: 0, pageLoad: 300000, script: 30000}, unhandledPromptBehavior: dismiss and notify, webauthn:extension:credBlob: true, webauthn:extension:largeBlob: true, webauthn:extension:minPinLength: true, webauthn:extension:prf: true, webauthn:virtualAuthenticators: true}
Session ID: 5474815c0089b714dfe0be7a067dcac6
  Then I should be logged in successfully                        # stepdefinitions.LoginSteps.i_should_be_logged_in_successfully()
      java.lang.AssertionError: Login was not successful: Expected condition failed: waiting for url to contain "home". Current url: "https://34.93.208.162/webapp/login/saml2/sso/betauptimessoqa" (tried for 30 second(s) with 500 milliseconds interval)
Build info: version: '4.20.0', revision: '866c76ca80'
System info: os.name: 'Windows 11', os.arch: 'amd64', os.version: '10.0', java.version: '22.0.2'
Driver info: org.openqa.selenium.chrome.ChromeDriver
Capabilities {acceptInsecureCerts: false, browserName: chrome, browserVersion: 139.0.7258.155, chrome: {chromedriverVersion: 139.0.7258.154 (9e0d6b2b47f..., userDataDir: C:\Users\257225\AppData\Loc...}, fedcm:accounts: true, goog:chromeOptions: {debuggerAddress: localhost:58460}, networkConnectionEnabled: false, pageLoadStrategy: normal, platformName: windows, proxy: Proxy(), se:cdp: ws://localhost:58460/devtoo..., se:cdpVersion: 139.0.7258.155, setWindowRect: true, strictFileInteractability: false, timeouts: {implicit: 0, pageLoad: 300000, script: 30000}, unhandledPromptBehavior: dismiss and notify, webauthn:extension:credBlob: true, webauthn:extension:largeBlob: true, webauthn:extension:minPinLength: true, webauthn:extension:prf: true, webauthn:virtualAuthenticators: true}
Session ID: 5474815c0089b714dfe0be7a067dcac6
	at stepdefinitions.LoginSteps.i_should_be_logged_in_successfully(LoginSteps.java:54)
	at ✽.I should be logged in successfully(file:///C:/Users/257225/IdeaProjects/Selenium-cucumber-TestNG_runner/LoginPageDemo/src/test/resources/features/login.feature:7)

]]></system-out>
    <system-err><![CDATA[SLF4J: Failed to load class "org.slf4j.impl.StaticLoggerBinder".
SLF4J: Defaulting to no-operation (NOP) logger implementation
SLF4J: See http://www.slf4j.org/codes.html#StaticLoggerBinder for further details.
Sept 15, 2025 4:58:39 PM org.openqa.selenium.devtools.CdpVersionFinder findNearestMatch
WARNING: Unable to find CDP implementation matching 139
Sept 15, 2025 4:58:39 PM org.openqa.selenium.chromium.ChromiumDriver lambda$new$5
WARNING: Unable to find version of CDP to use for 139.0.7258.155. You may need to include a dependency on a specific version of the CDP using something similar to `org.seleniumhq.selenium:selenium-devtools-v86:4.20.0` where the version ("v86") matches the version of the chromium-based browser you're using and the version number of the artifact is the same as Selenium's.
]]></system-err>
  </testcase>
  <testcase name="runScenario[&quot;Invalid login attempts&quot;, &quot;Login functionality&quot;](2)" classname="runners.TestRunner" time="10.732">
    <system-out><![CDATA[
Scenario: Invalid login attempts                # src/test/resources/features/login.feature:9
  Given I am on the login page                  # stepdefinitions.LoginSteps.i_am_on_the_login_page()
  When I enter "email@gmail.com" and "password" # stepdefinitions.LoginSteps.i_enter_credentials(java.lang.String,java.lang.String)
  And I click Sign in                           # stepdefinitions.LoginSteps.i_click_sign_in()
  Then I should see an error message            # stepdefinitions.LoginSteps.i_should_see_an_error_message()
]]></system-out>
    <system-err><![CDATA[Sept 15, 2025 5:00:53 PM org.openqa.selenium.devtools.CdpVersionFinder findNearestMatch
WARNING: Unable to find CDP implementation matching 139
Sept 15, 2025 5:00:53 PM org.openqa.selenium.chromium.ChromiumDriver lambda$new$5
WARNING: Unable to find version of CDP to use for 139.0.7258.155. You may need to include a dependency on a specific version of the CDP using something similar to `org.seleniumhq.selenium:selenium-devtools-v86:4.20.0` where the version ("v86") matches the version of the chromium-based browser you're using and the version number of the artifact is the same as Selenium's.
]]></system-err>
  </testcase>
  <testcase name="runScenario[&quot;Invalid login attempts with email field empty&quot;, &quot;Login functionality&quot;](3)" classname="runners.TestRunner" time="9.473">
    <system-out><![CDATA[
Scenario: Invalid login attempts with email field empty # src/test/resources/features/login.feature:15
  Given I am on the login page                          # stepdefinitions.LoginSteps.i_am_on_the_login_page()
  When I enter "" and "password"                        # stepdefinitions.LoginSteps.i_enter_credentials(java.lang.String,java.lang.String)
  And I click Sign in                                   # stepdefinitions.LoginSteps.i_click_sign_in()
  Then I should see an error message                    # stepdefinitions.LoginSteps.i_should_see_an_error_message()
]]></system-out>
    <system-err><![CDATA[Sept 15, 2025 5:01:05 PM org.openqa.selenium.devtools.CdpVersionFinder findNearestMatch
WARNING: Unable to find CDP implementation matching 139
Sept 15, 2025 5:01:05 PM org.openqa.selenium.chromium.ChromiumDriver lambda$new$5
WARNING: Unable to find version of CDP to use for 139.0.7258.155. You may need to include a dependency on a specific version of the CDP using something similar to `org.seleniumhq.selenium:selenium-devtools-v86:4.20.0` where the version ("v86") matches the version of the chromium-based browser you're using and the version number of the artifact is the same as Selenium's.
]]></system-err>
  </testcase>
</testsuite>